INFO 2025-04-22 03:19:17,745 autoreload Watching for file changes with StatReloader
INFO 2025-04-22 03:49:25,351 autoreload Watching for file changes with StatReloader
INFO 2025-04-28 03:54:19,291 autoreload Watching for file changes with StatReloader
INFO 2025-04-28 03:57:58,364 autoreload Watching for file changes with StatReloader
INFO 2025-04-28 03:57:58,402 environment [ENV] 当前运行环境: development
INFO 2025-04-28 03:57:58,402 environment [ENV] 当前运行环境: development
INFO 2025-04-28 03:58:06,947 basehttp "GET / HTTP/1.1" 200 32335
INFO 2025-04-28 03:58:07,007 basehttp "GET /static/css/styles.css HTTP/1.1" 200 10923
INFO 2025-04-28 03:58:07,190 basehttp "GET /static/js/scripts.js HTTP/1.1" 200 10773
INFO 2025-04-28 03:58:10,099 basehttp "GET / HTTP/1.1" 200 32335
INFO 2025-04-28 03:58:13,627 basehttp "GET / HTTP/1.1" 200 32335
INFO 2025-04-28 03:58:14,598 basehttp "GET / HTTP/1.1" 200 32335
WARNING 2025-04-28 03:58:17,562 log Not Found: /favicon.ico
WARNING 2025-04-28 03:58:17,563 basehttp "GET /favicon.ico HTTP/1.1" 404 3816
INFO 2025-04-28 03:58:58,361 autoreload Watching for file changes with StatReloader
INFO 2025-04-28 03:58:58,400 environment [ENV] 当前运行环境: development
INFO 2025-04-28 03:58:58,400 environment [ENV] 当前运行环境: development
INFO 2025-04-28 03:59:04,263 basehttp "GET / HTTP/1.1" 200 36117
INFO 2025-04-28 03:59:25,956 basehttp "GET / HTTP/1.1" 200 36117
INFO 2025-04-28 04:07:56,376 autoreload Watching for file changes with StatReloader
INFO 2025-04-28 04:07:56,421 environment [ENV] 当前运行环境: development
INFO 2025-04-28 04:07:56,421 environment [ENV] 当前运行环境: development
INFO 2025-04-28 04:08:02,690 basehttp "GET / HTTP/1.1" 200 36214
INFO 2025-04-28 04:09:35,938 basehttp "GET / HTTP/1.1" 200 36232
INFO 2025-04-28 04:15:08,433 autoreload Watching for file changes with StatReloader
INFO 2025-04-28 04:15:08,477 environment [ENV] 当前运行环境: development
INFO 2025-04-28 04:15:08,477 environment [ENV] 当前运行环境: development
INFO 2025-04-28 04:15:12,297 basehttp "GET / HTTP/1.1" 200 36382
INFO 2025-04-28 04:15:21,262 basehttp "GET / HTTP/1.1" 200 36382
INFO 2025-04-28 04:15:28,485 basehttp "GET / HTTP/1.1" 200 36382
INFO 2025-04-28 04:16:31,024 autoreload Watching for file changes with StatReloader
INFO 2025-04-28 04:16:31,067 environment [ENV] 当前运行环境: development
INFO 2025-04-28 04:16:31,067 environment [ENV] 当前运行环境: development
INFO 2025-04-28 04:16:33,901 basehttp "GET / HTTP/1.1" 200 36550
INFO 2025-04-28 04:16:37,299 basehttp "GET / HTTP/1.1" 200 36550
INFO 2025-04-28 04:16:38,333 basehttp "GET / HTTP/1.1" 200 36550
INFO 2025-04-28 04:18:05,587 autoreload Watching for file changes with StatReloader
INFO 2025-04-28 04:18:05,630 environment [ENV] 当前运行环境: development
INFO 2025-04-28 04:18:05,630 environment [ENV] 当前运行环境: development
INFO 2025-04-28 04:18:08,628 basehttp "GET / HTTP/1.1" 200 36551
INFO 2025-04-28 04:20:16,863 autoreload Watching for file changes with StatReloader
INFO 2025-04-28 04:20:16,908 environment [ENV] 当前运行环境: development
INFO 2025-04-28 04:20:16,908 environment [ENV] 当前运行环境: development
INFO 2025-04-28 04:20:19,387 basehttp "GET / HTTP/1.1" 200 36970
INFO 2025-04-28 04:21:42,750 autoreload Watching for file changes with StatReloader
INFO 2025-04-28 04:21:42,794 environment [ENV] 当前运行环境: development
INFO 2025-04-28 04:21:42,794 environment [ENV] 当前运行环境: development
INFO 2025-04-28 04:21:45,063 basehttp "GET / HTTP/1.1" 200 37737
INFO 2025-04-28 04:21:47,753 basehttp "GET / HTTP/1.1" 200 37737
INFO 2025-04-28 04:22:52,607 autoreload Watching for file changes with StatReloader
INFO 2025-04-28 04:22:52,649 environment [ENV] 当前运行环境: development
INFO 2025-04-28 04:22:52,649 environment [ENV] 当前运行环境: development
INFO 2025-04-28 04:22:56,724 basehttp "GET / HTTP/1.1" 200 37648
INFO 2025-04-28 04:25:07,733 basehttp "GET / HTTP/1.1" 200 38098
INFO 2025-04-28 04:25:16,753 basehttp "GET / HTTP/1.1" 200 38098
INFO 2025-04-28 04:25:39,676 autoreload Watching for file changes with StatReloader
INFO 2025-04-28 04:25:39,719 environment [ENV] 当前运行环境: development
INFO 2025-04-28 04:25:39,719 environment [ENV] 当前运行环境: development
INFO 2025-04-28 04:25:41,917 basehttp "GET / HTTP/1.1" 200 38098
INFO 2025-04-28 04:29:07,760 basehttp "GET / HTTP/1.1" 200 39232
INFO 2025-04-28 04:31:41,207 basehttp "GET / HTTP/1.1" 200 39369
INFO 2025-04-28 04:32:15,290 basehttp "GET / HTTP/1.1" 200 39380
INFO 2025-04-28 04:33:39,297 basehttp "GET / HTTP/1.1" 200 39401
INFO 2025-04-28 04:33:55,322 basehttp "GET / HTTP/1.1" 200 39401
INFO 2025-04-28 04:33:57,882 basehttp "GET / HTTP/1.1" 200 39401
INFO 2025-04-28 04:33:59,149 basehttp "GET / HTTP/1.1" 200 39401
INFO 2025-04-28 04:34:04,371 basehttp "GET / HTTP/1.1" 200 39410
INFO 2025-04-28 04:46:07,054 autoreload Watching for file changes with StatReloader
INFO 2025-04-28 04:46:07,103 environment [ENV] 当前运行环境: development
INFO 2025-04-28 04:46:07,103 environment [ENV] 当前运行环境: development
INFO 2025-04-28 04:46:11,558 basehttp "GET / HTTP/1.1" 200 40030
INFO 2025-04-28 05:00:56,252 autoreload Watching for file changes with StatReloader
INFO 2025-04-28 05:00:56,297 environment [ENV] 当前运行环境: development
INFO 2025-04-28 05:00:56,297 environment [ENV] 当前运行环境: development
INFO 2025-04-28 05:00:58,666 basehttp "GET / HTTP/1.1" 200 40833
INFO 2025-04-28 05:01:06,823 basehttp "GET / HTTP/1.1" 200 40844
INFO 2025-04-28 05:01:22,488 basehttp "GET / HTTP/1.1" 200 40840
INFO 2025-04-28 05:01:25,284 basehttp "GET / HTTP/1.1" 200 40840
INFO 2025-04-28 05:01:27,683 basehttp "GET / HTTP/1.1" 200 40840
INFO 2025-04-28 05:01:31,268 basehttp "GET / HTTP/1.1" 200 40840
INFO 2025-04-28 05:01:36,484 basehttp "GET / HTTP/1.1" 200 40840
INFO 2025-04-28 05:02:39,437 basehttp "GET / HTTP/1.1" 200 40840
INFO 2025-04-28 05:05:12,866 autoreload Watching for file changes with StatReloader
INFO 2025-04-28 05:05:12,913 environment [ENV] 当前运行环境: development
INFO 2025-04-28 05:05:12,913 environment [ENV] 当前运行环境: development
INFO 2025-04-28 05:05:16,112 basehttp "GET / HTTP/1.1" 200 41416
INFO 2025-04-28 05:05:31,223 basehttp "GET / HTTP/1.1" 200 41416
INFO 2025-04-28 05:09:57,795 autoreload Watching for file changes with StatReloader
INFO 2025-04-28 05:09:57,839 environment [ENV] 当前运行环境: development
INFO 2025-04-28 05:09:57,839 environment [ENV] 当前运行环境: development
INFO 2025-04-28 05:10:03,503 basehttp "GET / HTTP/1.1" 200 40841
INFO 2025-04-28 05:10:08,912 basehttp "GET / HTTP/1.1" 200 40841
INFO 2025-04-28 06:12:01,004 autoreload Watching for file changes with StatReloader
INFO 2025-04-28 06:12:01,708 _util message='Request to Stripe api' method=get url=https://api.stripe.com/v1/account
INFO 2025-04-28 06:12:01,933 _util message='Stripe API response' path=https://api.stripe.com/v1/account response_code=401
INFO 2025-04-28 06:12:01,934 _util error_code=None error_message='Invalid API Key provided: sk_test' error_param=None error_type=invalid_request_error message='Stripe v1 API error received'
INFO 2025-04-28 06:12:02,245 environment [ENV] 当前运行环境: development
INFO 2025-04-28 06:12:02,245 environment [ENV] 当前运行环境: development
INFO 2025-04-28 06:12:04,956 basehttp "GET / HTTP/1.1" 200 49656
INFO 2025-04-28 06:17:10,655 autoreload Watching for file changes with StatReloader
INFO 2025-04-28 06:17:11,357 _util message='Request to Stripe api' method=get url=https://api.stripe.com/v1/account
INFO 2025-04-28 06:17:11,443 _util message='Stripe API response' path=https://api.stripe.com/v1/account response_code=401
INFO 2025-04-28 06:17:11,443 _util error_code=None error_message='Invalid API Key provided: sk_test' error_param=None error_type=invalid_request_error message='Stripe v1 API error received'
INFO 2025-04-28 06:17:12,281 environment [ENV] 当前运行环境: development
INFO 2025-04-28 06:17:12,281 environment [ENV] 当前运行环境: development
INFO 2025-04-28 06:17:14,614 basehttp "GET / HTTP/1.1" 200 49673
INFO 2025-04-28 06:17:38,007 autoreload /home/runner/workspace/rush_car_rental/settings/development.py changed, reloading.
INFO 2025-04-28 06:20:50,900 autoreload Watching for file changes with StatReloader
INFO 2025-04-28 06:20:50,961 environment [ENV] 当前运行环境: development
INFO 2025-04-28 06:20:50,961 environment [ENV] 当前运行环境: development
<<<<<<< HEAD
INFO 2025-04-28 10:29:28,457 autoreload Watching for file changes with StatReloader
INFO 2025-04-28 10:29:28,500 environment [ENV] 当前运行环境: development
INFO 2025-04-28 10:29:28,500 environment [ENV] 当前运行环境: development
INFO 2025-04-28 10:29:32,621 basehttp "GET / HTTP/1.1" 200 39197
INFO 2025-04-28 10:33:47,919 autoreload Watching for file changes with StatReloader
INFO 2025-04-28 10:33:47,962 environment [ENV] 当前运行环境: development
INFO 2025-04-28 10:33:47,962 environment [ENV] 当前运行环境: development
INFO 2025-04-28 10:33:57,594 basehttp "GET / HTTP/1.1" 200 41199
INFO 2025-04-29 07:46:59,800 autoreload Watching for file changes with StatReloader
INFO 2025-04-29 07:46:59,849 environment [ENV] 当前运行环境: development
INFO 2025-04-29 07:46:59,849 environment [ENV] 当前运行环境: development
INFO 2025-04-29 07:47:05,158 basehttp "GET / HTTP/1.1" 200 41184
INFO 2025-04-29 07:47:05,440 basehttp "GET /static/css/styles.css HTTP/1.1" 200 15816
<<<<<<< HEAD
=======
INFO 2025-04-28 10:21:06,168 autoreload Watching for file changes with StatReloader
INFO 2025-04-28 10:21:07,644 _util message='Request to Stripe api' method=get url=https://api.stripe.com/v1/account
INFO 2025-04-28 10:21:07,936 _util message='Stripe API response' path=https://api.stripe.com/v1/account response_code=401
INFO 2025-04-28 10:21:07,936 _util error_code=None error_message='Invalid API Key provided: sk_test' error_param=None error_type=invalid_request_error message='Stripe v1 API error received'
INFO 2025-04-28 10:21:08,598 environment [ENV] 当前运行环境: development
INFO 2025-04-28 10:21:08,598 environment [ENV] 当前运行环境: development
INFO 2025-04-28 10:21:10,741 basehttp "GET / HTTP/1.1" 200 49740
INFO 2025-04-29 08:29:55,907 autoreload Watching for file changes with StatReloader
INFO 2025-04-29 08:29:57,513 _util message='Request to Stripe api' method=get url=https://api.stripe.com/v1/account
INFO 2025-04-29 08:29:57,757 _util message='Stripe API response' path=https://api.stripe.com/v1/account response_code=401
INFO 2025-04-29 08:29:57,757 _util error_code=None error_message='Invalid API Key provided: sk_test' error_param=None error_type=invalid_request_error message='Stripe v1 API error received'
INFO 2025-04-29 08:29:58,087 environment [ENV] 当前运行环境: development
INFO 2025-04-29 08:29:58,087 environment [ENV] 当前运行环境: development
INFO 2025-04-29 08:30:00,987 basehttp "GET / HTTP/1.1" 200 49704
INFO 2025-04-29 08:34:56,655 autoreload Watching for file changes with StatReloader
INFO 2025-04-29 08:34:57,330 _util message='Request to Stripe api' method=get url=https://api.stripe.com/v1/account
INFO 2025-04-29 08:34:57,432 _util message='Stripe API response' path=https://api.stripe.com/v1/account response_code=401
INFO 2025-04-29 08:34:57,433 _util error_code=None error_message='Invalid API Key provided: sk_test' error_param=None error_type=invalid_request_error message='Stripe v1 API error received'
INFO 2025-04-29 08:35:00,192 environment [ENV] 当前运行环境: development
INFO 2025-04-29 08:35:00,192 environment [ENV] 当前运行环境: development
INFO 2025-04-29 08:35:02,538 basehttp "GET / HTTP/1.1" 200 49746
INFO 2025-04-29 08:35:18,348 basehttp "GET / HTTP/1.1" 200 49713
INFO 2025-04-29 08:35:18,399 basehttp "GET /static/css/styles.css HTTP/1.1" 200 15816
INFO 2025-04-29 08:35:18,464 basehttp "GET /static/js/scripts.js HTTP/1.1" 200 10773
INFO 2025-04-29 08:35:20,298 basehttp "GET / HTTP/1.1" 200 49689
>>>>>>> 154f309 (Generate technical documentation detailing the vehicle display and booking)
=======
INFO 2025-04-30 03:46:43,145 autoreload Watching for file changes with StatReloader
INFO 2025-04-30 03:46:43,199 environment [ENV] 当前运行环境: development
INFO 2025-04-30 03:46:43,199 environment [ENV] 当前运行环境: development
INFO 2025-04-30 03:46:50,091 basehttp "GET / HTTP/1.1" 200 41184
INFO 2025-04-30 03:46:50,340 basehttp "GET /static/css/styles.css HTTP/1.1" 200 15816
INFO 2025-04-30 03:47:03,702 basehttp "GET / HTTP/1.1" 200 41184
INFO 2025-04-30 03:47:03,756 basehttp "GET /static/css/styles.css HTTP/1.1" 304 0
INFO 2025-04-30 03:47:51,085 basehttp "GET / HTTP/1.1" 200 41184
INFO 2025-04-30 03:47:51,185 basehttp "GET /static/css/styles.css HTTP/1.1" 304 0
INFO 2025-04-30 03:49:30,659 basehttp "GET / HTTP/1.1" 200 41184
INFO 2025-04-30 03:49:30,800 basehttp "GET /static/css/styles.css HTTP/1.1" 304 0
INFO 2025-04-30 03:49:35,259 basehttp "GET / HTTP/1.1" 200 41184
INFO 2025-04-30 03:49:40,621 basehttp "GET / HTTP/1.1" 200 41211
INFO 2025-04-30 03:58:14,359 basehttp "GET / HTTP/1.1" 200 41211
INFO 2025-04-30 03:58:14,481 basehttp "GET /static/css/styles.css HTTP/1.1" 304 0
INFO 2025-04-30 03:58:19,658 basehttp "GET /accounts/login/ HTTP/1.1" 200 8445
INFO 2025-04-30 03:58:22,057 basehttp "POST /accounts/login/ HTTP/1.1" 200 8445
INFO 2025-04-30 03:58:25,347 basehttp "POST /accounts/login/ HTTP/1.1" 200 8445
INFO 2025-04-30 03:58:26,740 basehttp "POST /accounts/login/ HTTP/1.1" 200 8445
INFO 2025-04-30 03:58:30,749 basehttp "POST /accounts/login/ HTTP/1.1" 200 8445
INFO 2025-04-30 03:58:37,028 basehttp "POST /accounts/login/ HTTP/1.1" 200 8445
INFO 2025-04-30 03:58:38,373 basehttp "POST /accounts/login/ HTTP/1.1" 200 8445
INFO 2025-04-30 04:02:24,885 autoreload Watching for file changes with StatReloader
INFO 2025-04-30 04:02:24,940 environment [ENV] 当前运行环境: development
INFO 2025-04-30 04:02:24,940 environment [ENV] 当前运行环境: development
INFO 2025-04-30 04:02:32,075 basehttp "GET / HTTP/1.1" 200 41211
INFO 2025-04-30 04:02:32,377 basehttp "GET /static/css/styles.css HTTP/1.1" 200 16040
INFO 2025-04-30 04:04:53,788 basehttp "GET / HTTP/1.1" 200 41211
INFO 2025-04-30 04:04:53,930 basehttp "GET /static/css/styles.css HTTP/1.1" 200 16043
INFO 2025-04-30 04:05:11,551 basehttp "GET / HTTP/1.1" 200 41211
INFO 2025-04-30 04:05:11,635 basehttp "GET /static/css/styles.css HTTP/1.1" 200 16049
INFO 2025-04-30 04:05:28,277 basehttp "GET / HTTP/1.1" 200 41211
INFO 2025-04-30 04:05:28,483 basehttp "GET /static/css/styles.css HTTP/1.1" 304 0
INFO 2025-04-30 04:05:30,492 basehttp "GET / HTTP/1.1" 200 41211
INFO 2025-04-30 04:05:30,659 basehttp "GET /static/css/styles.css HTTP/1.1" 304 0
INFO 2025-04-30 04:05:35,737 basehttp "GET / HTTP/1.1" 200 41211
INFO 2025-04-30 04:05:36,084 basehttp "GET /static/css/styles.css HTTP/1.1" 200 16049
INFO 2025-04-30 04:06:10,656 basehttp "GET / HTTP/1.1" 200 41211
INFO 2025-04-30 04:06:10,802 basehttp "GET /static/css/styles.css HTTP/1.1" 304 0
INFO 2025-04-30 04:06:16,622 basehttp "GET / HTTP/1.1" 200 41211
INFO 2025-04-30 04:06:16,679 basehttp "GET /static/css/styles.css HTTP/1.1" 200 16049
INFO 2025-04-30 04:06:18,244 basehttp "GET / HTTP/1.1" 200 41211
INFO 2025-04-30 04:06:18,323 basehttp "GET /static/css/styles.css HTTP/1.1" 304 0
INFO 2025-04-30 04:07:49,234 basehttp "GET / HTTP/1.1" 200 41211
INFO 2025-04-30 04:07:49,324 basehttp "GET /static/css/styles.css HTTP/1.1" 200 16272
INFO 2025-04-30 04:08:20,527 basehttp "GET / HTTP/1.1" 200 41211
INFO 2025-04-30 04:08:20,594 basehttp "GET /static/css/styles.css HTTP/1.1" 200 16268
>>>>>>> 2df9261 (update hero page)
