💔 2025-04-28 03:57:50,442 Stripe功能初始化失败: No module named 'stripe'
💔 2025-04-28 03:57:50,442 === Stripe支付集成已禁用，将使用模拟实现 ===
💔 2025-04-28 03:57:50,442 要启用真实支付，请设置STRIPE_SECRET_KEY环境变量
💔 2025-04-28 03:57:58,372 Stripe功能初始化失败: No module named 'stripe'
💔 2025-04-28 03:57:58,373 === Stripe支付集成已禁用，将使用模拟实现 ===
💔 2025-04-28 03:57:58,373 要启用真实支付，请设置STRIPE_SECRET_KEY环境变量
💔 2025-04-28 03:58:51,267 Stripe功能初始化失败: No module named 'stripe'
💔 2025-04-28 03:58:51,268 === Stripe支付集成已禁用，将使用模拟实现 ===
💔 2025-04-28 03:58:51,268 要启用真实支付，请设置STRIPE_SECRET_KEY环境变量
💔 2025-04-28 03:58:58,369 Stripe功能初始化失败: No module named 'stripe'
💔 2025-04-28 03:58:58,370 === Stripe支付集成已禁用，将使用模拟实现 ===
💔 2025-04-28 03:58:58,370 要启用真实支付，请设置STRIPE_SECRET_KEY环境变量
💔 2025-04-28 04:07:56,385 Stripe功能初始化失败: No module named 'stripe'
💔 2025-04-28 04:07:56,387 === Stripe支付集成已禁用，将使用模拟实现 ===
💔 2025-04-28 04:07:56,387 要启用真实支付，请设置STRIPE_SECRET_KEY环境变量
💔 2025-04-28 04:15:08,441 Stripe功能初始化失败: No module named 'stripe'
💔 2025-04-28 04:15:08,442 === Stripe支付集成已禁用，将使用模拟实现 ===
💔 2025-04-28 04:15:08,442 要启用真实支付，请设置STRIPE_SECRET_KEY环境变量
💔 2025-04-28 04:16:31,032 Stripe功能初始化失败: No module named 'stripe'
💔 2025-04-28 04:16:31,032 === Stripe支付集成已禁用，将使用模拟实现 ===
💔 2025-04-28 04:16:31,032 要启用真实支付，请设置STRIPE_SECRET_KEY环境变量
💔 2025-04-28 04:18:05,596 Stripe功能初始化失败: No module named 'stripe'
💔 2025-04-28 04:18:05,597 === Stripe支付集成已禁用，将使用模拟实现 ===
💔 2025-04-28 04:18:05,598 要启用真实支付，请设置STRIPE_SECRET_KEY环境变量
💔 2025-04-28 04:20:16,872 Stripe功能初始化失败: No module named 'stripe'
💔 2025-04-28 04:20:16,872 === Stripe支付集成已禁用，将使用模拟实现 ===
💔 2025-04-28 04:20:16,872 要启用真实支付，请设置STRIPE_SECRET_KEY环境变量
💔 2025-04-28 04:21:42,758 Stripe功能初始化失败: No module named 'stripe'
💔 2025-04-28 04:21:42,758 === Stripe支付集成已禁用，将使用模拟实现 ===
💔 2025-04-28 04:21:42,759 要启用真实支付，请设置STRIPE_SECRET_KEY环境变量
💔 2025-04-28 04:22:52,614 Stripe功能初始化失败: No module named 'stripe'
💔 2025-04-28 04:22:52,615 === Stripe支付集成已禁用，将使用模拟实现 ===
💔 2025-04-28 04:22:52,615 要启用真实支付，请设置STRIPE_SECRET_KEY环境变量
💔 2025-04-28 04:25:39,684 Stripe功能初始化失败: No module named 'stripe'
💔 2025-04-28 04:25:39,685 === Stripe支付集成已禁用，将使用模拟实现 ===
💔 2025-04-28 04:25:39,685 要启用真实支付，请设置STRIPE_SECRET_KEY环境变量
💔 2025-04-28 04:46:07,063 Stripe功能初始化失败: No module named 'stripe'
💔 2025-04-28 04:46:07,065 === Stripe支付集成已禁用，将使用模拟实现 ===
💔 2025-04-28 04:46:07,065 要启用真实支付，请设置STRIPE_SECRET_KEY环境变量
💔 2025-04-28 05:00:56,261 Stripe功能初始化失败: No module named 'stripe'
💔 2025-04-28 05:00:56,262 === Stripe支付集成已禁用，将使用模拟实现 ===
💔 2025-04-28 05:00:56,262 要启用真实支付，请设置STRIPE_SECRET_KEY环境变量
💔 2025-04-28 05:05:12,875 Stripe功能初始化失败: No module named 'stripe'
💔 2025-04-28 05:05:12,876 === Stripe支付集成已禁用，将使用模拟实现 ===
💔 2025-04-28 05:05:12,876 要启用真实支付，请设置STRIPE_SECRET_KEY环境变量
💔 2025-04-28 05:09:57,803 Stripe功能初始化失败: No module named 'stripe'
💔 2025-04-28 05:09:57,804 === Stripe支付集成已禁用，将使用模拟实现 ===
💔 2025-04-28 05:09:57,804 要启用真实支付，请设置STRIPE_SECRET_KEY环境变量
💔 2025-04-28 06:12:01,934 Stripe 认证失败：无效的API密钥
💔 2025-04-28 06:12:01,934 === Stripe支付集成已禁用，将使用模拟实现 ===
💔 2025-04-28 06:12:01,934 要启用真实支付，请设置STRIPE_SECRET_KEY环境变量
💔 2025-04-28 06:17:11,444 Stripe 认证失败：无效的API密钥
💔 2025-04-28 06:17:11,444 === Stripe支付集成已禁用，将使用模拟实现 ===
💔 2025-04-28 06:17:11,444 要启用真实支付，请设置STRIPE_SECRET_KEY环境变量
💔 2025-04-28 06:20:50,917 Stripe功能初始化失败: No module named 'stripe'
💔 2025-04-28 06:20:50,917 === Stripe支付集成已禁用，将使用模拟实现 ===
💔 2025-04-28 06:20:50,917 要启用真实支付，请设置STRIPE_SECRET_KEY环境变量
<<<<<<< HEAD
💔 2025-04-28 10:29:28,465 Stripe功能初始化失败: No module named 'stripe'
💔 2025-04-28 10:29:28,465 === Stripe支付集成已禁用，将使用模拟实现 ===
💔 2025-04-28 10:29:28,465 要启用真实支付，请设置STRIPE_SECRET_KEY环境变量
💔 2025-04-28 10:33:47,927 Stripe功能初始化失败: No module named 'stripe'
💔 2025-04-28 10:33:47,927 === Stripe支付集成已禁用，将使用模拟实现 ===
💔 2025-04-28 10:33:47,927 要启用真实支付，请设置STRIPE_SECRET_KEY环境变量
💔 2025-04-29 07:46:59,811 Stripe功能初始化失败: No module named 'stripe'
💔 2025-04-29 07:46:59,811 === Stripe支付集成已禁用，将使用模拟实现 ===
💔 2025-04-29 07:46:59,811 要启用真实支付，请设置STRIPE_SECRET_KEY环境变量
=======
💔 2025-04-28 10:21:07,936 Stripe 认证失败：无效的API密钥
💔 2025-04-28 10:21:07,937 === Stripe支付集成已禁用，将使用模拟实现 ===
💔 2025-04-28 10:21:07,937 要启用真实支付，请设置STRIPE_SECRET_KEY环境变量
💔 2025-04-29 08:29:57,758 Stripe 认证失败：无效的API密钥
💔 2025-04-29 08:29:57,758 === Stripe支付集成已禁用，将使用模拟实现 ===
💔 2025-04-29 08:29:57,758 要启用真实支付，请设置STRIPE_SECRET_KEY环境变量
💔 2025-04-29 08:34:57,433 Stripe 认证失败：无效的API密钥
💔 2025-04-29 08:34:57,433 === Stripe支付集成已禁用，将使用模拟实现 ===
💔 2025-04-29 08:34:57,433 要启用真实支付，请设置STRIPE_SECRET_KEY环境变量
>>>>>>> 154f309 (Generate technical documentation detailing the vehicle display and booking)
💔 2025-04-30 05:56:04,842 Stripe 认证失败：无效的API密钥
💔 2025-04-30 05:56:04,842 === Stripe支付集成已禁用，将使用模拟实现 ===
💔 2025-04-30 05:56:04,843 要启用真实支付，请设置STRIPE_SECRET_KEY环境变量
💔 2025-04-30 09:38:55,342 Stripe 认证失败：无效的API密钥
💔 2025-04-30 09:38:55,343 === Stripe支付集成已禁用，将使用模拟实现 ===
💔 2025-04-30 09:38:55,343 要启用真实支付，请设置STRIPE_SECRET_KEY环境变量
💔 2025-04-30 10:44:35,666 Stripe 认证失败：无效的API密钥
💔 2025-04-30 10:44:35,667 === Stripe支付集成已禁用，将使用模拟实现 ===
💔 2025-04-30 10:44:35,667 要启用真实支付，请设置STRIPE_SECRET_KEY环境变量
💔 2025-04-30 10:45:20,152 Stripe 认证失败：无效的API密钥
💔 2025-04-30 10:45:20,152 === Stripe支付集成已禁用，将使用模拟实现 ===
💔 2025-04-30 10:45:20,152 要启用真实支付，请设置STRIPE_SECRET_KEY环境变量
💔 2025-04-30 10:48:14,064 Stripe 认证失败：无效的API密钥
💔 2025-04-30 10:48:14,065 === Stripe支付集成已禁用，将使用模拟实现 ===
💔 2025-04-30 10:48:14,065 要启用真实支付，请设置STRIPE_SECRET_KEY环境变量
💔 2025-04-30 10:48:48,277 Stripe 认证失败：无效的API密钥
💔 2025-04-30 10:48:48,277 === Stripe支付集成已禁用，将使用模拟实现 ===
💔 2025-04-30 10:48:48,277 要启用真实支付，请设置STRIPE_SECRET_KEY环境变量
💔 2025-04-30 10:49:06,887 Stripe 认证失败：无效的API密钥
💔 2025-04-30 10:49:06,887 === Stripe支付集成已禁用，将使用模拟实现 ===
💔 2025-04-30 10:49:06,887 要启用真实支付，请设置STRIPE_SECRET_KEY环境变量
💔 2025-04-30 10:49:27,393 Stripe 认证失败：无效的API密钥
💔 2025-04-30 10:49:27,393 === Stripe支付集成已禁用，将使用模拟实现 ===
💔 2025-04-30 10:49:27,393 要启用真实支付，请设置STRIPE_SECRET_KEY环境变量
💔 2025-04-30 10:52:11,660 Stripe 认证失败：无效的API密钥
💔 2025-04-30 10:52:11,660 === Stripe支付集成已禁用，将使用模拟实现 ===
💔 2025-04-30 10:52:11,660 要启用真实支付，请设置STRIPE_SECRET_KEY环境变量
💔 2025-04-30 16:27:56,127 Stripe 认证失败：无效的API密钥
💔 2025-04-30 16:27:56,139 === Stripe支付集成已禁用，将使用模拟实现 ===
💔 2025-04-30 16:27:56,139 要启用真实支付，请设置STRIPE_SECRET_KEY环境变量
💔 2025-04-30 16:28:45,761 Stripe 认证失败：无效的API密钥
💔 2025-04-30 16:28:45,762 === Stripe支付集成已禁用，将使用模拟实现 ===
💔 2025-04-30 16:28:45,762 要启用真实支付，请设置STRIPE_SECRET_KEY环境变量
💔 2025-04-30 16:29:56,235 Stripe 认证失败：无效的API密钥
💔 2025-04-30 16:29:56,235 === Stripe支付集成已禁用，将使用模拟实现 ===
💔 2025-04-30 16:29:56,236 要启用真实支付，请设置STRIPE_SECRET_KEY环境变量
💔 2025-04-30 16:38:28,568 Stripe 认证失败：无效的API密钥
💔 2025-04-30 16:38:28,569 === Stripe支付集成已禁用，将使用模拟实现 ===
💔 2025-04-30 16:38:28,569 要启用真实支付，请设置STRIPE_SECRET_KEY环境变量
💔 2025-04-30 16:38:47,465 Stripe 认证失败：无效的API密钥
💔 2025-04-30 16:38:47,465 === Stripe支付集成已禁用，将使用模拟实现 ===
💔 2025-04-30 16:38:47,465 要启用真实支付，请设置STRIPE_SECRET_KEY环境变量
💔 2025-04-30 16:39:16,407 Stripe 认证失败：无效的API密钥
💔 2025-04-30 16:39:16,407 === Stripe支付集成已禁用，将使用模拟实现 ===
💔 2025-04-30 16:39:16,408 要启用真实支付，请设置STRIPE_SECRET_KEY环境变量
💔 2025-04-30 16:39:34,541 Stripe 认证失败：无效的API密钥
💔 2025-04-30 16:39:34,541 === Stripe支付集成已禁用，将使用模拟实现 ===
💔 2025-04-30 16:39:34,541 要启用真实支付，请设置STRIPE_SECRET_KEY环境变量
💔 2025-04-30 16:39:49,722 Stripe 认证失败：无效的API密钥
💔 2025-04-30 16:39:49,722 === Stripe支付集成已禁用，将使用模拟实现 ===
💔 2025-04-30 16:39:49,723 要启用真实支付，请设置STRIPE_SECRET_KEY环境变量
💔 2025-04-30 16:40:12,918 Stripe 认证失败：无效的API密钥
💔 2025-04-30 16:40:12,919 === Stripe支付集成已禁用，将使用模拟实现 ===
💔 2025-04-30 16:40:12,919 要启用真实支付，请设置STRIPE_SECRET_KEY环境变量
💔 2025-04-30 16:42:03,676 Stripe 认证失败：无效的API密钥
💔 2025-04-30 16:42:03,676 === Stripe支付集成已禁用，将使用模拟实现 ===
💔 2025-04-30 16:42:03,677 要启用真实支付，请设置STRIPE_SECRET_KEY环境变量
💔 2025-04-30 16:42:16,080 Stripe 认证失败：无效的API密钥
💔 2025-04-30 16:42:16,080 === Stripe支付集成已禁用，将使用模拟实现 ===
💔 2025-04-30 16:42:16,080 要启用真实支付，请设置STRIPE_SECRET_KEY环境变量
💔 2025-04-30 16:42:25,718 Stripe 认证失败：无效的API密钥
💔 2025-04-30 16:42:25,718 === Stripe支付集成已禁用，将使用模拟实现 ===
💔 2025-04-30 16:42:25,719 要启用真实支付，请设置STRIPE_SECRET_KEY环境变量
💔 2025-04-30 16:42:46,117 Stripe 认证失败：无效的API密钥
💔 2025-04-30 16:42:46,117 === Stripe支付集成已禁用，将使用模拟实现 ===
💔 2025-04-30 16:42:46,117 要启用真实支付，请设置STRIPE_SECRET_KEY环境变量
💔 2025-04-30 16:42:53,274 Stripe 认证失败：无效的API密钥
💔 2025-04-30 16:42:53,274 === Stripe支付集成已禁用，将使用模拟实现 ===
💔 2025-04-30 16:42:53,274 要启用真实支付，请设置STRIPE_SECRET_KEY环境变量
💔 2025-04-30 16:51:46,865 Stripe 认证失败：无效的API密钥
💔 2025-04-30 16:51:46,865 === Stripe支付集成已禁用，将使用模拟实现 ===
💔 2025-04-30 16:51:46,865 要启用真实支付，请设置STRIPE_SECRET_KEY环境变量
💔 2025-04-30 16:55:27,941 Stripe 认证失败：无效的API密钥
💔 2025-04-30 16:55:27,941 === Stripe支付集成已禁用，将使用模拟实现 ===
💔 2025-04-30 16:55:27,941 要启用真实支付，请设置STRIPE_SECRET_KEY环境变量
💔 2025-04-30 16:55:34,084 Stripe 认证失败：无效的API密钥
💔 2025-04-30 16:55:34,084 === Stripe支付集成已禁用，将使用模拟实现 ===
💔 2025-04-30 16:55:34,085 要启用真实支付，请设置STRIPE_SECRET_KEY环境变量
💔 2025-04-30 16:55:37,850 Stripe 认证失败：无效的API密钥
💔 2025-04-30 16:55:37,850 === Stripe支付集成已禁用，将使用模拟实现 ===
💔 2025-04-30 16:55:37,850 要启用真实支付，请设置STRIPE_SECRET_KEY环境变量
💔 2025-04-30 16:55:59,108 Stripe 认证失败：无效的API密钥
💔 2025-04-30 16:55:59,108 === Stripe支付集成已禁用，将使用模拟实现 ===
💔 2025-04-30 16:55:59,109 要启用真实支付，请设置STRIPE_SECRET_KEY环境变量
💔 2025-04-30 16:56:32,283 Stripe 认证失败：无效的API密钥
💔 2025-04-30 16:56:32,283 === Stripe支付集成已禁用，将使用模拟实现 ===
💔 2025-04-30 16:56:32,284 要启用真实支付，请设置STRIPE_SECRET_KEY环境变量
💔 2025-04-30 16:56:38,167 Stripe 认证失败：无效的API密钥
💔 2025-04-30 16:56:38,167 === Stripe支付集成已禁用，将使用模拟实现 ===
💔 2025-04-30 16:56:38,167 要启用真实支付，请设置STRIPE_SECRET_KEY环境变量
💔 2025-04-30 16:56:44,660 Stripe 认证失败：无效的API密钥
💔 2025-04-30 16:56:44,660 === Stripe支付集成已禁用，将使用模拟实现 ===
💔 2025-04-30 16:56:44,661 要启用真实支付，请设置STRIPE_SECRET_KEY环境变量
💔 2025-04-30 16:57:05,617 Stripe 认证失败：无效的API密钥
💔 2025-04-30 16:57:05,621 === Stripe支付集成已禁用，将使用模拟实现 ===
💔 2025-04-30 16:57:05,621 要启用真实支付，请设置STRIPE_SECRET_KEY环境变量
💔 2025-04-30 16:57:08,919 Stripe 认证失败：无效的API密钥
💔 2025-04-30 16:57:08,919 === Stripe支付集成已禁用，将使用模拟实现 ===
💔 2025-04-30 16:57:08,919 要启用真实支付，请设置STRIPE_SECRET_KEY环境变量
💔 2025-04-30 16:57:15,887 Stripe 认证失败：无效的API密钥
💔 2025-04-30 16:57:15,887 === Stripe支付集成已禁用，将使用模拟实现 ===
💔 2025-04-30 16:57:15,888 要启用真实支付，请设置STRIPE_SECRET_KEY环境变量
💔 2025-04-30 16:57:18,918 Stripe 认证失败：无效的API密钥
💔 2025-04-30 16:57:18,919 === Stripe支付集成已禁用，将使用模拟实现 ===
💔 2025-04-30 16:57:18,919 要启用真实支付，请设置STRIPE_SECRET_KEY环境变量
💔 2025-04-30 16:57:22,726 Stripe 认证失败：无效的API密钥
💔 2025-04-30 16:57:22,727 === Stripe支付集成已禁用，将使用模拟实现 ===
💔 2025-04-30 16:57:22,727 要启用真实支付，请设置STRIPE_SECRET_KEY环境变量
💔 2025-04-30 16:57:28,097 Stripe 认证失败：无效的API密钥
💔 2025-04-30 16:57:28,097 === Stripe支付集成已禁用，将使用模拟实现 ===
💔 2025-04-30 16:57:28,097 要启用真实支付，请设置STRIPE_SECRET_KEY环境变量
💔 2025-04-30 16:57:35,021 Stripe 认证失败：无效的API密钥
💔 2025-04-30 16:57:35,022 === Stripe支付集成已禁用，将使用模拟实现 ===
💔 2025-04-30 16:57:35,022 要启用真实支付，请设置STRIPE_SECRET_KEY环境变量
💔 2025-04-30 16:57:41,222 Stripe 认证失败：无效的API密钥
💔 2025-04-30 16:57:41,222 === Stripe支付集成已禁用，将使用模拟实现 ===
💔 2025-04-30 16:57:41,222 要启用真实支付，请设置STRIPE_SECRET_KEY环境变量
💔 2025-04-30 16:57:44,899 Stripe 认证失败：无效的API密钥
💔 2025-04-30 16:57:44,900 === Stripe支付集成已禁用，将使用模拟实现 ===
💔 2025-04-30 16:57:44,900 要启用真实支付，请设置STRIPE_SECRET_KEY环境变量
💔 2025-04-30 16:57:47,616 Stripe 认证失败：无效的API密钥
💔 2025-04-30 16:57:47,616 === Stripe支付集成已禁用，将使用模拟实现 ===
💔 2025-04-30 16:57:47,617 要启用真实支付，请设置STRIPE_SECRET_KEY环境变量
💔 2025-04-30 16:57:50,388 Stripe 认证失败：无效的API密钥
💔 2025-04-30 16:57:50,388 === Stripe支付集成已禁用，将使用模拟实现 ===
💔 2025-04-30 16:57:50,388 要启用真实支付，请设置STRIPE_SECRET_KEY环境变量
💔 2025-04-30 16:57:53,273 Stripe 认证失败：无效的API密钥
💔 2025-04-30 16:57:53,273 === Stripe支付集成已禁用，将使用模拟实现 ===
💔 2025-04-30 16:57:53,273 要启用真实支付，请设置STRIPE_SECRET_KEY环境变量
💔 2025-04-30 17:00:13,381 Stripe 认证失败：无效的API密钥
💔 2025-04-30 17:00:13,381 === Stripe支付集成已禁用，将使用模拟实现 ===
💔 2025-04-30 17:00:13,381 要启用真实支付，请设置STRIPE_SECRET_KEY环境变量
💔 2025-04-30 17:00:17,285 Stripe 认证失败：无效的API密钥
💔 2025-04-30 17:00:17,285 === Stripe支付集成已禁用，将使用模拟实现 ===
💔 2025-04-30 17:00:17,285 要启用真实支付，请设置STRIPE_SECRET_KEY环境变量
💔 2025-04-30 17:00:20,068 Stripe 认证失败：无效的API密钥
💔 2025-04-30 17:00:20,068 === Stripe支付集成已禁用，将使用模拟实现 ===
💔 2025-04-30 17:00:20,068 要启用真实支付，请设置STRIPE_SECRET_KEY环境变量
💔 2025-04-30 17:00:26,455 Stripe 认证失败：无效的API密钥
💔 2025-04-30 17:00:26,455 === Stripe支付集成已禁用，将使用模拟实现 ===
💔 2025-04-30 17:00:26,455 要启用真实支付，请设置STRIPE_SECRET_KEY环境变量
💔 2025-04-30 17:01:32,775 Stripe 认证失败：无效的API密钥
💔 2025-04-30 17:01:32,775 === Stripe支付集成已禁用，将使用模拟实现 ===
💔 2025-04-30 17:01:32,775 要启用真实支付，请设置STRIPE_SECRET_KEY环境变量
💔 2025-04-30 17:01:57,963 Stripe 认证失败：无效的API密钥
💔 2025-04-30 17:01:57,963 === Stripe支付集成已禁用，将使用模拟实现 ===
💔 2025-04-30 17:01:57,964 要启用真实支付，请设置STRIPE_SECRET_KEY环境变量
💔 2025-04-30 17:02:02,802 Stripe 认证失败：无效的API密钥
💔 2025-04-30 17:02:02,802 === Stripe支付集成已禁用，将使用模拟实现 ===
💔 2025-04-30 17:02:02,802 要启用真实支付，请设置STRIPE_SECRET_KEY环境变量
💔 2025-04-30 17:02:05,420 Stripe 认证失败：无效的API密钥
💔 2025-04-30 17:02:05,420 === Stripe支付集成已禁用，将使用模拟实现 ===
💔 2025-04-30 17:02:05,420 要启用真实支付，请设置STRIPE_SECRET_KEY环境变量
💔 2025-04-30 17:02:29,325 Stripe 认证失败：无效的API密钥
💔 2025-04-30 17:02:29,326 === Stripe支付集成已禁用，将使用模拟实现 ===
💔 2025-04-30 17:02:29,326 要启用真实支付，请设置STRIPE_SECRET_KEY环境变量
💔 2025-04-30 17:03:05,483 Stripe 认证失败：无效的API密钥
💔 2025-04-30 17:03:05,483 === Stripe支付集成已禁用，将使用模拟实现 ===
💔 2025-04-30 17:03:05,483 要启用真实支付，请设置STRIPE_SECRET_KEY环境变量
💔 2025-04-30 17:03:07,983 Stripe 认证失败：无效的API密钥
💔 2025-04-30 17:03:07,983 === Stripe支付集成已禁用，将使用模拟实现 ===
💔 2025-04-30 17:03:07,983 要启用真实支付，请设置STRIPE_SECRET_KEY环境变量
💔 2025-04-30 17:04:31,519 Stripe 认证失败：无效的API密钥
💔 2025-04-30 17:04:31,519 === Stripe支付集成已禁用，将使用模拟实现 ===
💔 2025-04-30 17:04:31,519 要启用真实支付，请设置STRIPE_SECRET_KEY环境变量
💔 2025-04-30 17:04:36,586 Stripe 认证失败：无效的API密钥
💔 2025-04-30 17:04:36,586 === Stripe支付集成已禁用，将使用模拟实现 ===
💔 2025-04-30 17:04:36,586 要启用真实支付，请设置STRIPE_SECRET_KEY环境变量
💔 2025-04-30 17:06:20,362 Stripe 认证失败：无效的API密钥
💔 2025-04-30 17:06:20,362 === Stripe支付集成已禁用，将使用模拟实现 ===
💔 2025-04-30 17:06:20,363 要启用真实支付，请设置STRIPE_SECRET_KEY环境变量
💔 2025-04-30 17:06:32,295 Stripe 认证失败：无效的API密钥
💔 2025-04-30 17:06:32,295 === Stripe支付集成已禁用，将使用模拟实现 ===
💔 2025-04-30 17:06:32,296 要启用真实支付，请设置STRIPE_SECRET_KEY环境变量
💔 2025-04-30 17:07:31,539 Stripe 认证失败：无效的API密钥
💔 2025-04-30 17:07:31,539 === Stripe支付集成已禁用，将使用模拟实现 ===
💔 2025-04-30 17:07:31,539 要启用真实支付，请设置STRIPE_SECRET_KEY环境变量
💔 2025-04-30 17:08:45,922 Stripe 认证失败：无效的API密钥
💔 2025-04-30 17:08:45,922 === Stripe支付集成已禁用，将使用模拟实现 ===
💔 2025-04-30 17:08:45,922 要启用真实支付，请设置STRIPE_SECRET_KEY环境变量
💔 2025-04-30 17:08:59,111 Stripe 认证失败：无效的API密钥
💔 2025-04-30 17:08:59,111 === Stripe支付集成已禁用，将使用模拟实现 ===
💔 2025-04-30 17:08:59,112 要启用真实支付，请设置STRIPE_SECRET_KEY环境变量
💔 2025-04-30 17:09:33,600 Stripe 认证失败：无效的API密钥
💔 2025-04-30 17:09:33,601 === Stripe支付集成已禁用，将使用模拟实现 ===
💔 2025-04-30 17:09:33,602 要启用真实支付，请设置STRIPE_SECRET_KEY环境变量
💔 2025-04-30 17:10:01,610 Stripe 认证失败：无效的API密钥
💔 2025-04-30 17:10:01,610 === Stripe支付集成已禁用，将使用模拟实现 ===
💔 2025-04-30 17:10:01,610 要启用真实支付，请设置STRIPE_SECRET_KEY环境变量
💔 2025-04-30 17:11:17,674 Stripe 认证失败：无效的API密钥
💔 2025-04-30 17:11:17,674 === Stripe支付集成已禁用，将使用模拟实现 ===
💔 2025-04-30 17:11:17,674 要启用真实支付，请设置STRIPE_SECRET_KEY环境变量
💔 2025-05-01 05:26:04,706 Stripe 认证失败：无效的API密钥
💔 2025-05-01 05:26:04,708 === Stripe支付集成已禁用，将使用模拟实现 ===
💔 2025-05-01 05:26:04,708 要启用真实支付，请设置STRIPE_SECRET_KEY环境变量
💔 2025-05-01 05:52:13,721 Stripe 认证失败：无效的API密钥
💔 2025-05-01 05:52:13,721 === Stripe支付集成已禁用，将使用模拟实现 ===
💔 2025-05-01 05:52:13,721 要启用真实支付，请设置STRIPE_SECRET_KEY环境变量
💔 2025-05-01 05:54:49,418 Stripe 认证失败：无效的API密钥
💔 2025-05-01 05:54:49,418 === Stripe支付集成已禁用，将使用模拟实现 ===
💔 2025-05-01 05:54:49,418 要启用真实支付，请设置STRIPE_SECRET_KEY环境变量
